#
# There is insufficient memory for the Java Runtime Environment to continue.
# Native memory allocation (malloc) failed to allocate 1048576 bytes for AllocateHeap
# Possible reasons:
#   The system is out of physical RAM or swap space
#   In 32 bit mode, the process size limit was hit
# Possible solutions:
#   Reduce memory load on the system
#   Increase physical memory or swap space
#   Check if swap backing store is full
#   Use 64 bit Java on a 64 bit OS
#   Decrease Java heap size (-Xmx/-Xms)
#   Decrease number of Java threads
#   Decrease Java thread stack sizes (-Xss)
#   Set larger code cache with -XX:ReservedCodeCacheSize=
# This output file may be truncated or incomplete.
#
#  Out of Memory Error (memory/allocation.inline.hpp:61), pid=8588, tid=0x000000000000343c
#
# JRE version:  (8.0_181-b13) (build )
# Java VM: Java HotSpot(TM) 64-Bit Server VM (25.181-b13 mixed mode windows-amd64 compressed oops)
# Failed to write core dump. Minidumps are not enabled by default on client versions of Windows
#

---------------  T H R E A D  ---------------

Current thread (0x0000000002a6e000):  JavaThread "Unknown thread" [_thread_in_vm, id=13372, stack(0x0000000001060000,0x0000000001160000)]

Stack: [0x0000000001060000,0x0000000001160000]
[error occurred during error reporting (printing stack bounds), id 0xc0000005]

Native frames: (J=compiled Java code, j=interpreted, Vv=VM code, C=native code)


---------------  P R O C E S S  ---------------

Java Threads: ( => current thread )

Other Threads:

=>0x0000000002a6e000 (exited) JavaThread "Unknown thread" [_thread_in_vm, id=13372, stack(0x0000000001060000,0x0000000001160000)]

VM state:not at safepoint (normal execution)

VM Mutex/Monitor currently owned by a thread: None

Heap:
 PSYoungGen      total 76288K, used 1310K [0x000000076af00000, 0x0000000770400000, 0x00000007c0000000)
  eden space 65536K, 2% used [0x000000076af00000,0x000000076b047af0,0x000000076ef00000)
  from space 10752K, 0% used [0x000000076f980000,0x000000076f980000,0x0000000770400000)
  to   space 10752K, 0% used [0x000000076ef00000,0x000000076ef00000,0x000000076f980000)
 ParOldGen       total 175104K, used 0K [0x00000006c0c00000, 0x00000006cb700000, 0x000000076af00000)
  object space 175104K, 0% used [0x00000006c0c00000,0x00000006c0c00000,0x00000006cb700000)
 Metaspace       used 775K, capacity 4480K, committed 4480K, reserved 1056768K
  class space    used 76K, capacity 384K, committed 384K, reserved 1048576K

Card table byte_map: [0x0000000011e30000,0x0000000012630000] byte_map_base: 0x000000000e82a000

Marking Bits: (ParMarkBitMap*) 0x000000006a512d00
 Begin Bits: [0x0000000012f90000, 0x0000000016f60000)
 End Bits:   [0x0000000016f60000, 0x000000001af30000)

Polling page: 0x0000000001030000

CodeCache: size=245760Kb used=328Kb max_used=328Kb free=245431Kb
 bounds [0x0000000002a70000, 0x0000000002ce0000, 0x0000000011a70000]
 total_blobs=58 nmethods=0 adapters=38
 compilation: enabled

Compilation events (0 events):
No events

GC Heap History (0 events):
No events

Deoptimization events (0 events):
No events

Classes redefined (0 events):
No events

Internal exceptions (0 events):
No events

Events (10 events):
Event: 0.022 loading class java/lang/Short
Event: 0.022 loading class java/lang/Short done
Event: 0.022 loading class java/lang/Integer
Event: 0.022 loading class java/lang/Integer done
Event: 0.022 loading class java/lang/Long
Event: 0.022 loading class java/lang/Long done
Event: 0.022 loading class java/lang/NullPointerException
Event: 0.022 loading class java/lang/NullPointerException done
Event: 0.022 loading class java/lang/ArithmeticException
Event: 0.022 loading class java/lang/ArithmeticException done


Dynamic libraries:
0x00007ff664fe0000 - 0x00007ff665017000 	C:\Program Files\Java\jdk1.8.0_181\bin\java.exe
0x00007ffc0dc30000 - 0x00007ffc0de11000 	C:\WINDOWS\SYSTEM32\ntdll.dll
0x00007ffc0c0b0000 - 0x00007ffc0c162000 	C:\WINDOWS\System32\KERNEL32.DLL
0x00007ffc0adc0000 - 0x00007ffc0b033000 	C:\WINDOWS\System32\KERNELBASE.dll
0x00007ffc0b250000 - 0x00007ffc0b2f1000 	C:\WINDOWS\System32\ADVAPI32.dll
0x00007ffc0c190000 - 0x00007ffc0c22e000 	C:\WINDOWS\System32\msvcrt.dll
0x00007ffc0b300000 - 0x00007ffc0b35b000 	C:\WINDOWS\System32\sechost.dll
0x00007ffc0dad0000 - 0x00007ffc0dbf4000 	C:\WINDOWS\System32\RPCRT4.dll
0x00007ffc0b590000 - 0x00007ffc0b720000 	C:\WINDOWS\System32\USER32.dll
0x00007ffc0a100000 - 0x00007ffc0a120000 	C:\WINDOWS\System32\win32u.dll
0x00007ffc0b560000 - 0x00007ffc0b588000 	C:\WINDOWS\System32\GDI32.dll
0x00007ffc0a410000 - 0x00007ffc0a5a2000 	C:\WINDOWS\System32\gdi32full.dll
0x00007ffc0ad20000 - 0x00007ffc0adbf000 	C:\WINDOWS\System32\msvcp_win.dll
0x00007ffc0a120000 - 0x00007ffc0a21a000 	C:\WINDOWS\System32\ucrtbase.dll
0x00007ffbfc7b0000 - 0x00007ffbfca19000 	C:\WINDOWS\WinSxS\amd64_microsoft.windows.common-controls_6595b64144ccf1df_6.0.17134.345_none_fb429a5930656358\COMCTL32.dll
0x00007ffc0c2b0000 - 0x00007ffc0c5d3000 	C:\WINDOWS\System32\combase.dll
0x00007ffc0b040000 - 0x00007ffc0b0ba000 	C:\WINDOWS\System32\bcryptPrimitives.dll
0x00007ffc0bea0000 - 0x00007ffc0becd000 	C:\WINDOWS\System32\IMM32.DLL
0x000000006a5a0000 - 0x000000006a672000 	C:\Program Files\Java\jdk1.8.0_181\jre\bin\msvcr100.dll
0x0000000069cf0000 - 0x000000006a592000 	C:\Program Files\Java\jdk1.8.0_181\jre\bin\server\jvm.dll
0x00007ffc0b240000 - 0x00007ffc0b248000 	C:\WINDOWS\System32\PSAPI.DLL
0x00007ffc064c0000 - 0x00007ffc064e3000 	C:\WINDOWS\SYSTEM32\WINMM.dll
0x00007ffc061c0000 - 0x00007ffc061ca000 	C:\WINDOWS\SYSTEM32\VERSION.dll
0x00007ffc06a40000 - 0x00007ffc06a49000 	C:\WINDOWS\SYSTEM32\WSOCK32.dll
0x00007ffc0bf40000 - 0x00007ffc0bfac000 	C:\WINDOWS\System32\WS2_32.dll
0x00007ffc06300000 - 0x00007ffc0632a000 	C:\WINDOWS\SYSTEM32\WINMMBASE.dll
0x00007ffc0a000000 - 0x00007ffc0a049000 	C:\WINDOWS\System32\cfgmgr32.dll
0x0000000069ce0000 - 0x0000000069cef000 	C:\Program Files\Java\jdk1.8.0_181\jre\bin\verify.dll
0x0000000069cb0000 - 0x0000000069cd9000 	C:\Program Files\Java\jdk1.8.0_181\jre\bin\java.dll
0x0000000069c90000 - 0x0000000069ca6000 	C:\Program Files\Java\jdk1.8.0_181\jre\bin\zip.dll

VM Arguments:
java_command: <unknown>
java_class_path (initial): .
Launcher Type: SUN_STANDARD

Environment Variables:
JAVA_HOME=C:\Program Files\Java\jdk1.8.0_181
PATH=C:\Program Files\Java\jdk1.8.0_181\bin;C:\WINDOWS\system32;C:\WINDOWS;C:\WINDOWS\System32\Wbem;C:\WINDOWS\System32\WindowsPowerShell\v1.0\;C:\WINDOWS\system32;C:\WINDOWS;C:\WINDOWS\System32\Wbem;C:\WINDOWS\System32\WindowsPowerShell\v1.0\;C:\Program Files (x86)\NVIDIA Corporation\PhysX\Common;C:\Program Files (x86)\Skype\Phone\;C:\Program Files\dotnet\;C:\WINDOWS\System32\OpenSSH\;C:\Program Files (x86)\Microsoft SQL Server\Client SDK\ODBC\130\Tools\Binn\;C:\Program Files (x86)\Microsoft SQL Server\140\Tools\Binn\;C:\Program Files (x86)\Microsoft SQL Server\140\DTS\Binn\;C:\Program Files (x86)\Microsoft SQL Server\140\Tools\Binn\ManagementStudio\;C:\Program Files (x86)\Microsoft VS Code\bin;C:\Users\New\AppData\Local\Microsoft\WindowsApps;C:\Program Files (x86)\Microsoft VS Code\bin;C:\Users\New\AppData\Local\GitHubDesktop\bin
USERNAME=New
OS=Windows_NT
PROCESSOR_IDENTIFIER=Intel64 Family 6 Model 94 Stepping 3, GenuineIntel



---------------  S Y S T E M  ---------------

OS: Windows 10.0 , 64 bit Build 17134 (10.0.17134.1)

CPU:total 4 (initial active 4) (4 cores per cpu, 1 threads per core) family 6 model 94 stepping 3, cmov, cx8, fxsr, mmx, sse, sse2, sse3, ssse3, sse4.1, sse4.2, popcnt, avx, avx2, aes, clmul, erms, rtm, 3dnowpref, lzcnt, tsc, tscinvbit, bmi1, bmi2, adx

Memory: 4k page, physical 16725732k(8305016k free), swap 17774308k(5932k free)

vm_info: Java HotSpot(TM) 64-Bit Server VM (25.181-b13) for windows-amd64 JRE (1.8.0_181-b13), built on Jul  7 2018 04:01:33 by "java_re" with MS VC++ 10.0 (VS2010)

time: Mon Oct 22 19:06:34 2018
elapsed time: 0 seconds (0d 0h 0m 0s)

